Content-Type: text/plain; charset="utf-8"
MIME-Version: 1.0
Content-Transfer-Encoding: 8bit
Subject: Password reset on 127.0.0.1:8000
From: webmaster@localhost
To: webtaker2000@gmail.com
Date: Mon, 06 Jun 2022 09:07:47 -0000
Message-ID: <165450646789.513664.6301469128583345035@DESKTOP-B0L2UHG>


You're receiving this email because you requested a password reset for your user account at 127.0.0.1:8000.

Please go to the following page and choose a new password:

http://127.0.0.1:8000/password-reset-confirm/MQ/b6lpyz-48b9a1a0f01df20f42d6e13cebfedc93/

Your username, in case you’ve forgotten: Deepak

Thanks for using our site!

The 127.0.0.1:8000 team



-------------------------------------------------------------------------------
Content-Type: text/plain; charset="utf-8"
MIME-Version: 1.0
Content-Transfer-Encoding: 8bit
Subject: Password reset on 127.0.0.1:8000
From: webmaster@localhost
To: webtaker2000@gmail.com
Date: Mon, 06 Jun 2022 09:07:47 -0000
Message-ID: <165450646790.513664.10516549633061774204@DESKTOP-B0L2UHG>


You're receiving this email because you requested a password reset for your user account at 127.0.0.1:8000.

Please go to the following page and choose a new password:

http://127.0.0.1:8000/password-reset-confirm/Nw/b6lpyz-438f6348b72b09a873d7cedd221167be/

Your username, in case you’ve forgotten: vkpr

Thanks for using our site!

The 127.0.0.1:8000 team



-------------------------------------------------------------------------------
